  Texture_Atlas.cpp
  Texture.cpp
  Simple_Shader.cpp
  RSimple.cpp
  Shader_Program.cpp
  Shader_Loader.cpp
  Random_Maths.cpp
  Quad.cpp
  SPlaying.cpp
  Model.cpp
  Matrix_Maths.cpp
  RMaster.cpp
  main.cpp
  BGrass.cpp
  Game_State.cpp
  Display.cpp
  Camera.cpp
  Block_Type.cpp
  Block_Database.cpp
  Block_Data.cpp
  Génération de code en cours...
  Compilation en cours...
  Application.cpp
  BAir.cpp
  Génération de code en cours...
  Minecraft.vcxproj -> C:\Users\charl\Desktop\Programmation\C++project\VisualStudio\Minecraft\Debug\Minecraft.exe
  Minecraft.vcxproj -> C:\Users\charl\Desktop\Programmation\C++project\VisualStudio\Minecraft\Debug\Minecraft.pdb (Partial PDB)
